Active-HDL 9.1.2353.4205  2020-05-04 18:14:27

Elaboration top modules:
Architecture                  Decodificador(Decodificador_BCD_a7segmentos)


--------------------------------------------------------------------------------------------------------------------------------------
Entity                        | Architecture  | Library                       | Info | Compiler Version         | Compilation Options
--------------------------------------------------------------------------------------------------------------------------------------
Decodificador_BCD_a7segmentos | Decodificador | Decodificador_BCD_a7segmentos |      | 9.1.2353.4205  (Windows) | -O3
--------------------------------------------------------------------------------------------------------------------------------------

--------------------------------------------------------------------------------------------------------------------------------------
VHDL Package                                  | Library                       | Info | Compiler Version         | Compilation Options
--------------------------------------------------------------------------------------------------------------------------------------
standard                                      | std                           |      |                          | <unavailable>
TEXTIO                                        | std                           |      | 9.1.2353.4205  (Windows) |  -2008
std_logic_1164                                | ieee                          |      | 9.1.2353.4205  (Windows) |  -2008
--------------------------------------------------------------------------------------------------------------------------------------

--------------------------------------------------------------------------------------------------------------------------------------
Library                                       | Comment
--------------------------------------------------------------------------------------------------------------------------------------
Decodificador_BCD_a7segmentos                 | None
ieee                                          | Standard IEEE packages library
std                                           | Standard VHDL library
--------------------------------------------------------------------------------------------------------------------------------------


Simulation Options: asim -O5 +access +r +m+Decodificador_BCD_a7segmentos Decodificador_BCD_a7segmentos Decodificador

