Active-HDL 9.1.2353.4205  2020-05-04 17:23:37

Elaboration top modules:
Architecture                  Simple(Multiplexor_4a1)


---------------------------------------------------------------------------------------------------------
Entity          | Architecture | Library         | Info | Compiler Version         | Compilation Options
---------------------------------------------------------------------------------------------------------
Multiplexor_4a1 | Simple       | Multiplexor_4a1 |      | 9.1.2353.4205  (Windows) | -O3
---------------------------------------------------------------------------------------------------------

---------------------------------------------------------------------------------------------------------
VHDL Package                   | Library         | Info | Compiler Version         | Compilation Options
---------------------------------------------------------------------------------------------------------
standard                       | std             |      |                          | <unavailable>
TEXTIO                         | std             |      | 9.1.2353.4205  (Windows) |  -2008
std_logic_1164                 | ieee            |      | 9.1.2353.4205  (Windows) |  -2008
---------------------------------------------------------------------------------------------------------

---------------------------------------------------------------------------------------------------------
Library                        | Comment
---------------------------------------------------------------------------------------------------------
ieee                           | Standard IEEE packages library
Multiplexor_4a1                | None
std                            | Standard VHDL library
---------------------------------------------------------------------------------------------------------


Simulation Options: asim -O5 +access +r +m+Multiplexor_4a1 Multiplexor_4a1 Simple

