Active-HDL 9.1.2353.4205  2020-05-26 12:56:26

Elaboration top modules:
Architecture                  Behavioral(ComparisonLstchVSFlipFlop)


-------------------------------------------------------------------------------------------------------------------
Entity                    | Architecture | Library         | Info | Compiler Version         | Compilation Options
-------------------------------------------------------------------------------------------------------------------
ComparisonLstchVSFlipFlop | Behavioral   | latchvsflipflop |      | 9.1.2353.4205  (Windows) | -O3
-------------------------------------------------------------------------------------------------------------------

-------------------------------------------------------------------------------------------------------------------
VHDL Package                             | Library         | Info | Compiler Version         | Compilation Options
-------------------------------------------------------------------------------------------------------------------
standard                                 | std             |      |                          | <unavailable>
TEXTIO                                   | std             |      | 9.1.2353.4205  (Windows) |  -2008
std_logic_1164                           | ieee            |      | 9.1.2353.4205  (Windows) |  -2008
-------------------------------------------------------------------------------------------------------------------

-------------------------------------------------------------------------------------------------------------------
Library                                  | Comment
-------------------------------------------------------------------------------------------------------------------
ieee                                     | Standard IEEE packages library
latchvsflipflop                          | None
std                                      | Standard VHDL library
-------------------------------------------------------------------------------------------------------------------
