Active-HDL 9.1.2353.4205  2020-05-11 14:51:32

Elaboration top modules:
Architecture                  ARQ(ALU_Multiplicador)


-------------------------------------------------------------------------------------------------------------
Entity            | Architecture | Library           | Info | Compiler Version         | Compilation Options
-------------------------------------------------------------------------------------------------------------
ALU_Multiplicador | ARQ          | ALU_Multiplicador |      | 9.1.2353.4205  (Windows) | -O3
-------------------------------------------------------------------------------------------------------------

-------------------------------------------------------------------------------------------------------------
VHDL Package                     | Library           | Info | Compiler Version         | Compilation Options
-------------------------------------------------------------------------------------------------------------
standard                         | std               |      |                          | <unavailable>
TEXTIO                           | std               |      | 9.1.2353.4205  (Windows) |  -2008
std_logic_1164                   | ieee              |      | 9.1.2353.4205  (Windows) |  -2008
std_logic_arith                  | ieee              |      | 9.1.2353.4205  (Windows) | 
STD_LOGIC_UNSIGNED               | ieee              |      | 9.1.2353.4205  (Windows) | 
-------------------------------------------------------------------------------------------------------------

-------------------------------------------------------------------------------------------------------------
Library                          | Comment
-------------------------------------------------------------------------------------------------------------
ALU_Multiplicador                | None
ieee                             | Standard IEEE packages library
std                              | Standard VHDL library
-------------------------------------------------------------------------------------------------------------


Simulation Options: asim -O5 +access +r +m+ALU_Multiplicador ALU_Multiplicador ARQ

