Active-HDL 9.1.2353.4205  2020-05-26 13:52:32

Elaboration top modules:
Architecture                  Maquina_De_Estados(Maquina_De_Estados_Finitos)


-------------------------------------------------------------------------------------------------------------------------------------
Entity                     | Architecture       | Library                    | Info | Compiler Version         | Compilation Options
-------------------------------------------------------------------------------------------------------------------------------------
Maquina_De_Estados_Finitos | Maquina_De_Estados | maquina_de_estados_finitos |      | 9.1.2353.4205  (Windows) | -O3
-------------------------------------------------------------------------------------------------------------------------------------

-------------------------------------------------------------------------------------------------------------------------------------
VHDL Package                                    | Library                    | Info | Compiler Version         | Compilation Options
-------------------------------------------------------------------------------------------------------------------------------------
standard                                        | std                        |      |                          | <unavailable>
TEXTIO                                          | std                        |      | 9.1.2353.4205  (Windows) |  -2008
std_logic_1164                                  | ieee                       |      | 9.1.2353.4205  (Windows) |  -2008
-------------------------------------------------------------------------------------------------------------------------------------

-------------------------------------------------------------------------------------------------------------------------------------
Library                                         | Comment
-------------------------------------------------------------------------------------------------------------------------------------
ieee                                            | Standard IEEE packages library
maquina_de_estados_finitos                      | None
std                                             | Standard VHDL library
-------------------------------------------------------------------------------------------------------------------------------------


Simulation Options: asim -O5 +access +r +m+Maquina_De_Estados_Finitos Maquina_De_Estados_Finitos Maquina_De_Estados

