Active-HDL 9.1.2353.4205  2020-05-04 16:27:19

Elaboration top modules:
Architecture                  SIMPLE(Multiplexor_2a1)


---------------------------------------------------------------------------------------------------------
Entity          | Architecture | Library         | Info | Compiler Version         | Compilation Options
---------------------------------------------------------------------------------------------------------
Multiplexor_2a1 | SIMPLE       | multiplexor_2a1 |      | 9.1.2353.4205  (Windows) | -O3
---------------------------------------------------------------------------------------------------------

---------------------------------------------------------------------------------------------------------
VHDL Package                   | Library         | Info | Compiler Version         | Compilation Options
---------------------------------------------------------------------------------------------------------
standard                       | std             |      |                          | <unavailable>
TEXTIO                         | std             |      | 9.1.2353.4205  (Windows) |  -2008
std_logic_1164                 | ieee            |      | 9.1.2353.4205  (Windows) |  -2008
---------------------------------------------------------------------------------------------------------

---------------------------------------------------------------------------------------------------------
Library                        | Comment
---------------------------------------------------------------------------------------------------------
ieee                           | Standard IEEE packages library
multiplexor_2a1                | None
std                            | Standard VHDL library
---------------------------------------------------------------------------------------------------------


Simulation Options: asim -O5 +access +r +m+Multiplexor_2a1 Multiplexor_2a1 SIMPLE

