Active-HDL 9.1.2353.4205  2020-05-04 23:45:44

Elaboration top modules:
Architecture                  Decodificador(Decodificador_BCD_a7segmentos_Booleana)


--------------------------------------------------------------------------------------------------------------------------------------------------------
Entity                                 | Architecture  | Library                                | Info | Compiler Version         | Compilation Options
--------------------------------------------------------------------------------------------------------------------------------------------------------
Decodificador_BCD_a7segmentos_Booleana | Decodificador | decodificador_bcd_a7segmentos_booleana |      | 9.1.2353.4205  (Windows) | -O3
--------------------------------------------------------------------------------------------------------------------------------------------------------

--------------------------------------------------------------------------------------------------------------------------------------------------------
VHDL Package                                           | Library                                | Info | Compiler Version         | Compilation Options
--------------------------------------------------------------------------------------------------------------------------------------------------------
standard                                               | std                                    |      |                          | <unavailable>
TEXTIO                                                 | std                                    |      | 9.1.2353.4205  (Windows) |  -2008
std_logic_1164                                         | ieee                                   |      | 9.1.2353.4205  (Windows) |  -2008
--------------------------------------------------------------------------------------------------------------------------------------------------------

--------------------------------------------------------------------------------------------------------------------------------------------------------
Library                                                | Comment
--------------------------------------------------------------------------------------------------------------------------------------------------------
decodificador_bcd_a7segmentos_booleana                 | None
ieee                                                   | Standard IEEE packages library
std                                                    | Standard VHDL library
--------------------------------------------------------------------------------------------------------------------------------------------------------
