Active-HDL 9.1.2353.4205  2020-05-04 16:53:12

Elaboration top modules:
Architecture                  Simple(multiplexor_2a1_case)


-------------------------------------------------------------------------------------------------------------------
Entity               | Architecture | Library              | Info | Compiler Version         | Compilation Options
-------------------------------------------------------------------------------------------------------------------
multiplexor_2a1_case | Simple       | Multiplexor_2a1_case |      | 9.1.2353.4205  (Windows) | -O3
-------------------------------------------------------------------------------------------------------------------

-------------------------------------------------------------------------------------------------------------------
VHDL Package                        | Library              | Info | Compiler Version         | Compilation Options
-------------------------------------------------------------------------------------------------------------------
standard                            | std                  |      |                          | <unavailable>
TEXTIO                              | std                  |      | 9.1.2353.4205  (Windows) |  -2008
std_logic_1164                      | ieee                 |      | 9.1.2353.4205  (Windows) |  -2008
-------------------------------------------------------------------------------------------------------------------

-------------------------------------------------------------------------------------------------------------------
Library                             | Comment
-------------------------------------------------------------------------------------------------------------------
ieee                                | Standard IEEE packages library
Multiplexor_2a1_case                | None
std                                 | Standard VHDL library
-------------------------------------------------------------------------------------------------------------------


Simulation Options: asim -O5 +access +r +m+multiplexor_2a1_case multiplexor_2a1_case Simple

